  Actor.cpp
C:\Program Files\Microsoft Visual Studio\2022\Community\VC\Tools\MSVC\14.42.34433\include\filesystem(12): warning STL4038: The contents of <filesystem> are available only with C++17 or later.
C:\Users\joel\Documents\GitHub\Project2-Capstone\ComponentFramework\pch.h(25,10): error C1083: Cannot open include file: 'SDL.h': No such file or directory
  (compiling source file 'Actor.cpp')
  
  AnimatorComponent.cpp
C:\Program Files\Microsoft Visual Studio\2022\Community\VC\Tools\MSVC\14.42.34433\include\filesystem(12): warning STL4038: The contents of <filesystem> are available only with C++17 or later.
C:\Users\joel\Documents\GitHub\Project2-Capstone\ComponentFramework\pch.h(25,10): error C1083: Cannot open include file: 'SDL.h': No such file or directory
  (compiling source file 'AnimatorComponent.cpp')
  
  AssetManager.cpp
C:\Program Files\Microsoft Visual Studio\2022\Community\VC\Tools\MSVC\14.42.34433\include\filesystem(12): warning STL4038: The contents of <filesystem> are available only with C++17 or later.
C:\Users\joel\Documents\GitHub\Project2-Capstone\ComponentFramework\pch.h(25,10): error C1083: Cannot open include file: 'SDL.h': No such file or directory
  (compiling source file 'AssetManager.cpp')
  
  AssetManagerWindow.cpp
C:\Program Files\Microsoft Visual Studio\2022\Community\VC\Tools\MSVC\14.42.34433\include\filesystem(12): warning STL4038: The contents of <filesystem> are available only with C++17 or later.
C:\Users\joel\Documents\GitHub\Project2-Capstone\ComponentFramework\pch.h(25,10): error C1083: Cannot open include file: 'SDL.h': No such file or directory
  (compiling source file 'AssetManagerWindow.cpp')
  
  AudioManager.cpp
C:\Program Files\Microsoft Visual Studio\2022\Community\VC\Tools\MSVC\14.42.34433\include\filesystem(12): warning STL4038: The contents of <filesystem> are available only with C++17 or later.
C:\Users\joel\Documents\GitHub\Project2-Capstone\ComponentFramework\pch.h(25,10): error C1083: Cannot open include file: 'SDL.h': No such file or directory
  (compiling source file 'AudioManager.cpp')
  
  CameraComponent.cpp
C:\Program Files\Microsoft Visual Studio\2022\Community\VC\Tools\MSVC\14.42.34433\include\filesystem(12): warning STL4038: The contents of <filesystem> are available only with C++17 or later.
C:\Users\joel\Documents\GitHub\Project2-Capstone\ComponentFramework\pch.h(25,10): error C1083: Cannot open include file: 'SDL.h': No such file or directory
  (compiling source file 'CameraComponent.cpp')
  
  ColliderDebug.cpp
C:\Program Files\Microsoft Visual Studio\2022\Community\VC\Tools\MSVC\14.42.34433\include\filesystem(12): warning STL4038: The contents of <filesystem> are available only with C++17 or later.
C:\Users\joel\Documents\GitHub\Project2-Capstone\ComponentFramework\pch.h(25,10): error C1083: Cannot open include file: 'SDL.h': No such file or directory
  (compiling source file 'ColliderDebug.cpp')
  
  CollisionComponent.cpp
C:\Program Files\Microsoft Visual Studio\2022\Community\VC\Tools\MSVC\14.42.34433\include\filesystem(12): warning STL4038: The contents of <filesystem> are available only with C++17 or later.
C:\Users\joel\Documents\GitHub\Project2-Capstone\ComponentFramework\pch.h(25,10): error C1083: Cannot open include file: 'SDL.h': No such file or directory
  (compiling source file 'CollisionComponent.cpp')
  
  CollisionSystem.cpp
C:\Program Files\Microsoft Visual Studio\2022\Community\VC\Tools\MSVC\14.42.34433\include\filesystem(12): warning STL4038: The contents of <filesystem> are available only with C++17 or later.
C:\Users\joel\Documents\GitHub\Project2-Capstone\ComponentFramework\pch.h(25,10): error C1083: Cannot open include file: 'SDL.h': No such file or directory
  (compiling source file 'CollisionSystem.cpp')
  
  Component.cpp
  Debug.cpp
  InputCreatorManager.cpp
C:\Program Files\Microsoft Visual Studio\2022\Community\VC\Tools\MSVC\14.42.34433\include\filesystem(12): warning STL4038: The contents of <filesystem> are available only with C++17 or later.
C:\Users\joel\Documents\GitHub\Project2-Capstone\ComponentFramework\pch.h(25,10): error C1083: Cannot open include file: 'SDL.h': No such file or directory
  (compiling source file 'InputCreatorManager.cpp')
  
  MemoryMonitor.cpp
  MemoryWindow.cpp
C:\Program Files\Microsoft Visual Studio\2022\Community\VC\Tools\MSVC\14.42.34433\include\filesystem(12): warning STL4038: The contents of <filesystem> are available only with C++17 or later.
C:\Users\joel\Documents\GitHub\Project2-Capstone\ComponentFramework\pch.h(25,10): error C1083: Cannot open include file: 'SDL.h': No such file or directory
  (compiling source file 'MemoryWindow.cpp')
  
  pch.cpp
C:\Program Files\Microsoft Visual Studio\2022\Community\VC\Tools\MSVC\14.42.34433\include\filesystem(12): warning STL4038: The contents of <filesystem> are available only with C++17 or later.
C:\Users\joel\Documents\GitHub\Project2-Capstone\ComponentFramework\pch.h(25,10): error C1083: Cannot open include file: 'SDL.h': No such file or directory
  (compiling source file 'pch.cpp')
  
  PhysicsSystem.cpp
C:\Program Files\Microsoft Visual Studio\2022\Community\VC\Tools\MSVC\14.42.34433\include\filesystem(12): warning STL4038: The contents of <filesystem> are available only with C++17 or later.
C:\Users\joel\Documents\GitHub\Project2-Capstone\ComponentFramework\pch.h(25,10): error C1083: Cannot open include file: 'SDL.h': No such file or directory
  (compiling source file 'PhysicsSystem.cpp')
  
  QuadraticSolver.cpp
C:\Program Files\Microsoft Visual Studio\2022\Community\VC\Tools\MSVC\14.42.34433\include\filesystem(12): warning STL4038: The contents of <filesystem> are available only with C++17 or later.
C:\Users\joel\Documents\GitHub\Project2-Capstone\ComponentFramework\pch.h(25,10): error C1083: Cannot open include file: 'SDL.h': No such file or directory
  (compiling source file 'QuadraticSolver.cpp')
  
  SceneWindow.cpp
C:\Program Files\Microsoft Visual Studio\2022\Community\VC\Tools\MSVC\14.42.34433\include\filesystem(12): warning STL4038: The contents of <filesystem> are available only with C++17 or later.
C:\Users\joel\Documents\GitHub\Project2-Capstone\ComponentFramework\pch.h(25,10): error C1083: Cannot open include file: 'SDL.h': No such file or directory
  (compiling source file 'SceneWindow.cpp')
  
  EditorManager.cpp
C:\Program Files\Microsoft Visual Studio\2022\Community\VC\Tools\MSVC\14.42.34433\include\filesystem(12): warning STL4038: The contents of <filesystem> are available only with C++17 or later.
C:\Users\joel\Documents\GitHub\Project2-Capstone\ComponentFramework\pch.h(25,10): error C1083: Cannot open include file: 'SDL.h': No such file or directory
  (compiling source file 'EditorManager.cpp')
  
  ScriptAbstract.cpp
