c:\users\joshu\school\engines 4 ecs\a3&a4\a3 + a4\componentframework\debug\vc143.pdb
c:\users\joshu\school\engines 4 ecs\a3&a4\a3 + a4\componentframework\debug\vc143.idb
c:\users\joshu\school\engines 4 ecs\a3&a4\a3 + a4\componentframework\debug\window.obj
c:\users\joshu\school\engines 4 ecs\a3&a4\a3 + a4\componentframework\debug\transformcomponent.obj
c:\users\joshu\school\engines 4 ecs\a3&a4\a3 + a4\componentframework\debug\timer.obj
c:\users\joshu\school\engines 4 ecs\a3&a4\a3 + a4\componentframework\debug\shadercomponent.obj
c:\users\joshu\school\engines 4 ecs\a3&a4\a3 + a4\componentframework\debug\scenemanager.obj
c:\users\joshu\school\engines 4 ecs\a3&a4\a3 + a4\componentframework\debug\scene2g.obj
c:\users\joshu\school\engines 4 ecs\a3&a4\a3 + a4\componentframework\debug\scene1g.obj
c:\users\joshu\school\engines 4 ecs\a3&a4\a3 + a4\componentframework\debug\scene0g.obj
c:\users\joshu\school\engines 4 ecs\a3&a4\a3 + a4\componentframework\debug\physicscomponent.obj
c:\users\joshu\school\engines 4 ecs\a3&a4\a3 + a4\componentframework\debug\meshcomponent.obj
c:\users\joshu\school\engines 4 ecs\a3&a4\a3 + a4\componentframework\debug\materialcomponent.obj
c:\users\joshu\school\engines 4 ecs\a3&a4\a3 + a4\componentframework\debug\main.obj
c:\users\joshu\school\engines 4 ecs\a3&a4\a3 + a4\componentframework\debug\debug.obj
c:\users\joshu\school\engines 4 ecs\a3&a4\a3 + a4\componentframework\debug\component.obj
c:\users\joshu\school\engines 4 ecs\a3&a4\a3 + a4\componentframework\debug\collisionsystem.obj
c:\users\joshu\school\engines 4 ecs\a3&a4\a3 + a4\componentframework\debug\collisioncomponent.obj
c:\users\joshu\school\engines 4 ecs\a3&a4\a3 + a4\componentframework\debug\cameraactor.obj
c:\users\joshu\school\engines 4 ecs\a3&a4\a3 + a4\componentframework\debug\assetmanager.obj
c:\users\joshu\school\engines 4 ecs\a3&a4\a3 + a4\componentframework\debug\actor.obj
c:\users\joshu\school\engines 4 ecs\a3&a4\a3 + a4\debug\componentframework.exe
c:\users\joshu\school\engines 4 ecs\a3&a4\a3 + a4\debug\componentframework.pdb
c:\users\joshu\school\engines 4 ecs\a3&a4\a3 + a4\componentframework\debug\componentframework.ilk
c:\users\joshu\school\engines 4 ecs\a3&a4\a3 + a4\componentframework\debug\componen.614c2865.tlog\cl.command.1.tlog
c:\users\joshu\school\engines 4 ecs\a3&a4\a3 + a4\componentframework\debug\componen.614c2865.tlog\cl.items.tlog
c:\users\joshu\school\engines 4 ecs\a3&a4\a3 + a4\componentframework\debug\componen.614c2865.tlog\cl.read.1.tlog
c:\users\joshu\school\engines 4 ecs\a3&a4\a3 + a4\componentframework\debug\componen.614c2865.tlog\cl.write.1.tlog
c:\users\joshu\school\engines 4 ecs\a3&a4\a3 + a4\componentframework\debug\componen.614c2865.tlog\link.command.1.tlog
c:\users\joshu\school\engines 4 ecs\a3&a4\a3 + a4\componentframework\debug\componen.614c2865.tlog\link.read.1.tlog
c:\users\joshu\school\engines 4 ecs\a3&a4\a3 + a4\componentframework\debug\componen.614c2865.tlog\link.secondary.1.tlog
c:\users\joshu\school\engines 4 ecs\a3&a4\a3 + a4\componentframework\debug\componen.614c2865.tlog\link.write.1.tlog
